{"C:\\Users\\kamil\\Desktop\\cs\\year3\\fyp\\FYPFINAL\\PROJECT\\teamsBot.ts": {"path":"C:\\Users\\kamil\\Desktop\\cs\\year3\\fyp\\FYPFINAL\\PROJECT\\teamsBot.ts","statementMap":{"0":{"start":{"line":23,"column":25},"end":{"line":23,"column":27}},"1":{"start":{"line":24,"column":25},"end":{"line":24,"column":26}},"2":{"start":{"line":26,"column":28},"end":{"line":26,"column":42}},"3":{"start":{"line":27,"column":29},"end":{"line":27,"column":36}},"4":{"start":{"line":28,"column":29},"end":{"line":28,"column":36}},"5":{"start":{"line":30,"column":38},"end":{"line":30,"column":39}},"6":{"start":{"line":31,"column":29},"end":{"line":31,"column":31}},"7":{"start":{"line":32,"column":38},"end":{"line":32,"column":39}},"8":{"start":{"line":33,"column":29},"end":{"line":33,"column":31}},"9":{"start":{"line":36,"column":4},"end":{"line":36,"column":12}},"10":{"start":{"line":40,"column":4},"end":{"line":52,"column":7}},"11":{"start":{"line":41,"column":27},"end":{"line":41,"column":56}},"12":{"start":{"line":42,"column":6},"end":{"line":49,"column":7}},"13":{"start":{"line":42,"column":23},"end":{"line":42,"column":24}},"14":{"start":{"line":43,"column":23},"end":{"line":43,"column":42}},"15":{"start":{"line":44,"column":8},"end":{"line":48,"column":9}},"16":{"start":{"line":45,"column":10},"end":{"line":45,"column":91}},"17":{"start":{"line":46,"column":10},"end":{"line":46,"column":47}},"18":{"start":{"line":47,"column":10},"end":{"line":47,"column":16}},"19":{"start":{"line":51,"column":6},"end":{"line":51,"column":19}},"20":{"start":{"line":54,"column":4},"end":{"line":217,"column":7}},"21":{"start":{"line":55,"column":6},"end":{"line":55,"column":52}},"22":{"start":{"line":57,"column":16},"end":{"line":57,"column":41}},"23":{"start":{"line":58,"column":33},"end":{"line":58,"column":89}},"24":{"start":{"line":60,"column":6},"end":{"line":62,"column":7}},"25":{"start":{"line":61,"column":8},"end":{"line":61,"column":76}},"26":{"start":{"line":64,"column":6},"end":{"line":64,"column":23}},"27":{"start":{"line":82,"column":27},"end":{"line":82,"column":41}},"28":{"start":{"line":83,"column":6},"end":{"line":83,"column":34}},"29":{"start":{"line":84,"column":6},"end":{"line":213,"column":7}},"30":{"start":{"line":86,"column":10},"end":{"line":86,"column":29}},"31":{"start":{"line":87,"column":27},"end":{"line":87,"column":67}},"32":{"start":{"line":88,"column":23},"end":{"line":88,"column":44}},"33":{"start":{"line":89,"column":29},"end":{"line":89,"column":103}},"34":{"start":{"line":90,"column":31},"end":{"line":90,"column":84}},"35":{"start":{"line":91,"column":10},"end":{"line":91,"column":55}},"36":{"start":{"line":92,"column":23},"end":{"line":92,"column":80}},"37":{"start":{"line":93,"column":10},"end":{"line":93,"column":92}},"38":{"start":{"line":94,"column":10},"end":{"line":94,"column":16}},"39":{"start":{"line":99,"column":10},"end":{"line":99,"column":51}},"40":{"start":{"line":100,"column":10},"end":{"line":100,"column":15}},"41":{"start":{"line":104,"column":10},"end":{"line":104,"column":45}},"42":{"start":{"line":105,"column":10},"end":{"line":105,"column":15}},"43":{"start":{"line":110,"column":23},"end":{"line":110,"column":82}},"44":{"start":{"line":111,"column":10},"end":{"line":111,"column":92}},"45":{"start":{"line":112,"column":10},"end":{"line":112,"column":16}},"46":{"start":{"line":117,"column":10},"end":{"line":124,"column":11}},"47":{"start":{"line":118,"column":12},"end":{"line":118,"column":145}},"48":{"start":{"line":119,"column":12},"end":{"line":119,"column":18}},"49":{"start":{"line":121,"column":12},"end":{"line":121,"column":105}},"50":{"start":{"line":122,"column":12},"end":{"line":122,"column":83}},"51":{"start":{"line":123,"column":12},"end":{"line":123,"column":18}},"52":{"start":{"line":129,"column":10},"end":{"line":129,"column":48}},"53":{"start":{"line":130,"column":10},"end":{"line":130,"column":16}},"54":{"start":{"line":139,"column":10},"end":{"line":139,"column":51}},"55":{"start":{"line":140,"column":10},"end":{"line":140,"column":16}},"56":{"start":{"line":144,"column":10},"end":{"line":150,"column":11}},"57":{"start":{"line":145,"column":12},"end":{"line":145,"column":164}},"58":{"start":{"line":146,"column":12},"end":{"line":146,"column":18}},"59":{"start":{"line":148,"column":12},"end":{"line":148,"column":57}},"60":{"start":{"line":149,"column":12},"end":{"line":149,"column":18}},"61":{"start":{"line":154,"column":10},"end":{"line":154,"column":56}},"62":{"start":{"line":155,"column":10},"end":{"line":155,"column":16}},"63":{"start":{"line":160,"column":10},"end":{"line":166,"column":11}},"64":{"start":{"line":161,"column":12},"end":{"line":161,"column":145}},"65":{"start":{"line":162,"column":12},"end":{"line":162,"column":18}},"66":{"start":{"line":164,"column":12},"end":{"line":164,"column":58}},"67":{"start":{"line":165,"column":12},"end":{"line":165,"column":18}},"68":{"start":{"line":170,"column":10},"end":{"line":170,"column":55}},"69":{"start":{"line":171,"column":10},"end":{"line":171,"column":16}},"70":{"start":{"line":175,"column":10},"end":{"line":175,"column":54}},"71":{"start":{"line":176,"column":10},"end":{"line":176,"column":16}},"72":{"start":{"line":180,"column":10},"end":{"line":180,"column":45}},"73":{"start":{"line":181,"column":10},"end":{"line":181,"column":16}},"74":{"start":{"line":185,"column":10},"end":{"line":185,"column":45}},"75":{"start":{"line":186,"column":10},"end":{"line":186,"column":16}},"76":{"start":{"line":190,"column":10},"end":{"line":190,"column":54}},"77":{"start":{"line":191,"column":10},"end":{"line":191,"column":16}},"78":{"start":{"line":194,"column":10},"end":{"line":194,"column":47}},"79":{"start":{"line":195,"column":10},"end":{"line":195,"column":16}},"80":{"start":{"line":199,"column":10},"end":{"line":199,"column":50}},"81":{"start":{"line":200,"column":10},"end":{"line":200,"column":16}},"82":{"start":{"line":204,"column":10},"end":{"line":204,"column":57}},"83":{"start":{"line":205,"column":10},"end":{"line":205,"column":51}},"84":{"start":{"line":206,"column":10},"end":{"line":206,"column":16}},"85":{"start":{"line":210,"column":10},"end":{"line":210,"column":91}},"86":{"start":{"line":211,"column":10},"end":{"line":211,"column":51}},"87":{"start":{"line":216,"column":6},"end":{"line":216,"column":19}},"88":{"start":{"line":220,"column":4},"end":{"line":232,"column":7}},"89":{"start":{"line":221,"column":27},"end":{"line":221,"column":56}},"90":{"start":{"line":222,"column":6},"end":{"line":230,"column":7}},"91":{"start":{"line":222,"column":21},"end":{"line":222,"column":22}},"92":{"start":{"line":223,"column":8},"end":{"line":229,"column":9}},"93":{"start":{"line":224,"column":10},"end":{"line":224,"column":61}},"94":{"start":{"line":226,"column":23},"end":{"line":226,"column":80}},"95":{"start":{"line":227,"column":10},"end":{"line":227,"column":88}},"96":{"start":{"line":228,"column":10},"end":{"line":228,"column":16}},"97":{"start":{"line":231,"column":6},"end":{"line":231,"column":19}},"98":{"start":{"line":236,"column":26},"end":{"line":236,"column":124}},"99":{"start":{"line":237,"column":27},"end":{"line":237,"column":79}},"100":{"start":{"line":238,"column":4},"end":{"line":238,"column":114}},"101":{"start":{"line":241,"column":21},"end":{"line":241,"column":61}},"102":{"start":{"line":242,"column":17},"end":{"line":242,"column":38}},"103":{"start":{"line":243,"column":23},"end":{"line":243,"column":97}},"104":{"start":{"line":244,"column":25},"end":{"line":250,"column":42}},"105":{"start":{"line":251,"column":4},"end":{"line":251,"column":49}},"106":{"start":{"line":257,"column":4},"end":{"line":279,"column":3}},"107":{"start":{"line":258,"column":6},"end":{"line":258,"column":26}},"108":{"start":{"line":259,"column":6},"end":{"line":259,"column":27}},"109":{"start":{"line":260,"column":6},"end":{"line":260,"column":27}},"110":{"start":{"line":261,"column":6},"end":{"line":261,"column":100}},"111":{"start":{"line":262,"column":6},"end":{"line":262,"column":13}},"112":{"start":{"line":264,"column":29},"end":{"line":264,"column":87}},"113":{"start":{"line":265,"column":4},"end":{"line":273,"column":5}},"114":{"start":{"line":266,"column":23},"end":{"line":269,"column":8}},"115":{"start":{"line":271,"column":6},"end":{"line":271,"column":48}},"116":{"start":{"line":272,"column":6},"end":{"line":272,"column":84}},"117":{"start":{"line":274,"column":4},"end":{"line":274,"column":22}},"118":{"start":{"line":275,"column":4},"end":{"line":275,"column":23}},"119":{"start":{"line":276,"column":4},"end":{"line":276,"column":23}},"120":{"start":{"line":277,"column":4},"end":{"line":277,"column":23}},"121":{"start":{"line":278,"column":4},"end":{"line":278,"column":62}},"122":{"start":{"line":282,"column":2},"end":{"line":282,"column":23}},"123":{"start":{"line":283,"column":2},"end":{"line":299,"column":1}},"124":{"start":{"line":284,"column":4},"end":{"line":284,"column":52}},"125":{"start":{"line":285,"column":4},"end":{"line":285,"column":11}},"126":{"start":{"line":287,"column":27},"end":{"line":287,"column":85}},"127":{"start":{"line":288,"column":2},"end":{"line":298,"column":3}},"128":{"start":{"line":289,"column":21},"end":{"line":292,"column":6}},"129":{"start":{"line":293,"column":4},"end":{"line":293,"column":23}},"130":{"start":{"line":294,"column":2},"end":{"line":294,"column":82}},"131":{"start":{"line":296,"column":4},"end":{"line":296,"column":46}},"132":{"start":{"line":297,"column":4},"end":{"line":297,"column":102}},"133":{"start":{"line":304,"column":26},"end":{"line":304,"column":84}},"134":{"start":{"line":305,"column":4},"end":{"line":305,"column":117}},"135":{"start":{"line":306,"column":4},"end":{"line":335,"column":5}},"136":{"start":{"line":307,"column":23},"end":{"line":315,"column":8}},"137":{"start":{"line":317,"column":23},"end":{"line":317,"column":47}},"138":{"start":{"line":318,"column":6},"end":{"line":318,"column":51}},"139":{"start":{"line":319,"column":6},"end":{"line":319,"column":31}},"140":{"start":{"line":320,"column":6},"end":{"line":322,"column":7}},"141":{"start":{"line":321,"column":8},"end":{"line":321,"column":69}},"142":{"start":{"line":323,"column":6},"end":{"line":326,"column":21}},"143":{"start":{"line":324,"column":8},"end":{"line":324,"column":29}},"144":{"start":{"line":325,"column":8},"end":{"line":325,"column":68}},"145":{"start":{"line":328,"column":6},"end":{"line":328,"column":22}},"146":{"start":{"line":332,"column":6},"end":{"line":332,"column":63}},"147":{"start":{"line":333,"column":6},"end":{"line":333,"column":71}},"148":{"start":{"line":334,"column":6},"end":{"line":334,"column":18}},"149":{"start":{"line":339,"column":4},"end":{"line":342,"column":5}},"150":{"start":{"line":340,"column":6},"end":{"line":340,"column":92}},"151":{"start":{"line":341,"column":6},"end":{"line":341,"column":13}},"152":{"start":{"line":344,"column":27},"end":{"line":344,"column":65}},"153":{"start":{"line":345,"column":4},"end":{"line":363,"column":5}},"154":{"start":{"line":346,"column":23},"end":{"line":349,"column":8}},"155":{"start":{"line":351,"column":6},"end":{"line":351,"column":57}},"156":{"start":{"line":352,"column":6},"end":{"line":352,"column":33}},"157":{"start":{"line":354,"column":6},"end":{"line":359,"column":7}},"158":{"start":{"line":356,"column":8},"end":{"line":356,"column":50}},"159":{"start":{"line":358,"column":8},"end":{"line":358,"column":66}},"160":{"start":{"line":361,"column":6},"end":{"line":361,"column":53}},"161":{"start":{"line":362,"column":6},"end":{"line":362,"column":91}},"162":{"start":{"line":367,"column":4},"end":{"line":370,"column":5}},"163":{"start":{"line":368,"column":6},"end":{"line":368,"column":61}},"164":{"start":{"line":369,"column":6},"end":{"line":369,"column":13}},"165":{"start":{"line":372,"column":18},"end":{"line":372,"column":56}},"166":{"start":{"line":373,"column":22},"end":{"line":432,"column":5}},"167":{"start":{"line":434,"column":4},"end":{"line":434,"column":91}},"168":{"start":{"line":438,"column":4},"end":{"line":441,"column":5}},"169":{"start":{"line":439,"column":6},"end":{"line":439,"column":98}},"170":{"start":{"line":440,"column":6},"end":{"line":440,"column":13}},"171":{"start":{"line":442,"column":21},"end":{"line":442,"column":74}},"172":{"start":{"line":443,"column":4},"end":{"line":525,"column":5}},"173":{"start":{"line":444,"column":23},"end":{"line":447,"column":8}},"174":{"start":{"line":449,"column":22},"end":{"line":449,"column":40}},"175":{"start":{"line":450,"column":6},"end":{"line":521,"column":7}},"176":{"start":{"line":452,"column":31},"end":{"line":452,"column":41}},"177":{"start":{"line":453,"column":27},"end":{"line":514,"column":9}},"178":{"start":{"line":516,"column":8},"end":{"line":518,"column":11}},"179":{"start":{"line":520,"column":8},"end":{"line":520,"column":60}},"180":{"start":{"line":523,"column":6},"end":{"line":523,"column":53}},"181":{"start":{"line":524,"column":6},"end":{"line":524,"column":92}},"182":{"start":{"line":531,"column":4},"end":{"line":531,"column":28}},"183":{"start":{"line":532,"column":4},"end":{"line":537,"column":5}},"184":{"start":{"line":533,"column":6},"end":{"line":533,"column":32}},"185":{"start":{"line":534,"column":6},"end":{"line":534,"column":88}},"186":{"start":{"line":536,"column":6},"end":{"line":536,"column":68}},"187":{"start":{"line":541,"column":4},"end":{"line":541,"column":57}},"188":{"start":{"line":542,"column":25},"end":{"line":567,"column":5}},"189":{"start":{"line":569,"column":4},"end":{"line":569,"column":94}},"190":{"start":{"line":573,"column":4},"end":{"line":573,"column":55}},"191":{"start":{"line":574,"column":30},"end":{"line":606,"column":5}},"192":{"start":{"line":608,"column":4},"end":{"line":608,"column":99}},"193":{"start":{"line":612,"column":4},"end":{"line":612,"column":28}},"194":{"start":{"line":613,"column":4},"end":{"line":619,"column":5}},"195":{"start":{"line":614,"column":6},"end":{"line":614,"column":33}},"196":{"start":{"line":615,"column":6},"end":{"line":615,"column":33}},"197":{"start":{"line":616,"column":6},"end":{"line":616,"column":117}},"198":{"start":{"line":618,"column":6},"end":{"line":618,"column":87}},"199":{"start":{"line":623,"column":4},"end":{"line":623,"column":49}},"200":{"start":{"line":624,"column":25},"end":{"line":649,"column":5}},"201":{"start":{"line":651,"column":4},"end":{"line":651,"column":94}},"202":{"start":{"line":655,"column":4},"end":{"line":655,"column":48}},"203":{"start":{"line":656,"column":25},"end":{"line":681,"column":5}},"204":{"start":{"line":683,"column":4},"end":{"line":683,"column":94}},"205":{"start":{"line":687,"column":21},"end":{"line":687,"column":85}},"206":{"start":{"line":688,"column":4},"end":{"line":703,"column":5}},"207":{"start":{"line":689,"column":23},"end":{"line":692,"column":8}},"208":{"start":{"line":693,"column":6},"end":{"line":693,"column":35}},"209":{"start":{"line":694,"column":6},"end":{"line":699,"column":7}},"210":{"start":{"line":695,"column":8},"end":{"line":695,"column":94}},"211":{"start":{"line":696,"column":8},"end":{"line":696,"column":78}},"212":{"start":{"line":698,"column":8},"end":{"line":698,"column":93}},"213":{"start":{"line":701,"column":6},"end":{"line":701,"column":80}},"214":{"start":{"line":702,"column":6},"end":{"line":702,"column":108}},"215":{"start":{"line":707,"column":21},"end":{"line":707,"column":88}},"216":{"start":{"line":708,"column":4},"end":{"line":723,"column":5}},"217":{"start":{"line":709,"column":23},"end":{"line":712,"column":8}},"218":{"start":{"line":713,"column":6},"end":{"line":713,"column":35}},"219":{"start":{"line":714,"column":6},"end":{"line":719,"column":7}},"220":{"start":{"line":715,"column":8},"end":{"line":715,"column":83}},"221":{"start":{"line":716,"column":8},"end":{"line":716,"column":76}},"222":{"start":{"line":718,"column":8},"end":{"line":718,"column":92}},"223":{"start":{"line":721,"column":6},"end":{"line":721,"column":78}},"224":{"start":{"line":722,"column":6},"end":{"line":722,"column":106}},"225":{"start":{"line":727,"column":4},"end":{"line":727,"column":49}},"226":{"start":{"line":728,"column":20},"end":{"line":753,"column":5}},"227":{"start":{"line":755,"column":4},"end":{"line":755,"column":89}},"228":{"start":{"line":759,"column":4},"end":{"line":762,"column":5}},"229":{"start":{"line":760,"column":6},"end":{"line":760,"column":92}},"230":{"start":{"line":761,"column":6},"end":{"line":761,"column":13}},"231":{"start":{"line":764,"column":21},"end":{"line":764,"column":70}},"232":{"start":{"line":765,"column":4},"end":{"line":843,"column":5}},"233":{"start":{"line":766,"column":23},"end":{"line":769,"column":8}},"234":{"start":{"line":771,"column":22},"end":{"line":771,"column":58}},"235":{"start":{"line":772,"column":6},"end":{"line":839,"column":7}},"236":{"start":{"line":773,"column":27},"end":{"line":832,"column":9}},"237":{"start":{"line":834,"column":8},"end":{"line":836,"column":11}},"238":{"start":{"line":838,"column":8},"end":{"line":838,"column":88}},"239":{"start":{"line":841,"column":6},"end":{"line":841,"column":58}},"240":{"start":{"line":842,"column":6},"end":{"line":842,"column":92}},"241":{"start":{"line":847,"column":4},"end":{"line":847,"column":62}},"242":{"start":{"line":848,"column":22},"end":{"line":873,"column":5}},"243":{"start":{"line":875,"column":4},"end":{"line":875,"column":91}},"244":{"start":{"line":879,"column":4},"end":{"line":882,"column":5}},"245":{"start":{"line":880,"column":6},"end":{"line":880,"column":92}},"246":{"start":{"line":881,"column":6},"end":{"line":881,"column":13}},"247":{"start":{"line":884,"column":21},"end":{"line":884,"column":87}},"248":{"start":{"line":885,"column":4},"end":{"line":903,"column":5}},"249":{"start":{"line":886,"column":23},"end":{"line":889,"column":8}},"250":{"start":{"line":891,"column":6},"end":{"line":891,"column":57}},"251":{"start":{"line":892,"column":6},"end":{"line":892,"column":33}},"252":{"start":{"line":894,"column":6},"end":{"line":899,"column":7}},"253":{"start":{"line":896,"column":8},"end":{"line":896,"column":50}},"254":{"start":{"line":898,"column":8},"end":{"line":898,"column":69}},"255":{"start":{"line":901,"column":6},"end":{"line":901,"column":47}},"256":{"start":{"line":902,"column":6},"end":{"line":902,"column":88}},"257":{"start":{"line":907,"column":4},"end":{"line":910,"column":5}},"258":{"start":{"line":908,"column":6},"end":{"line":908,"column":51}},"259":{"start":{"line":909,"column":6},"end":{"line":909,"column":13}},"260":{"start":{"line":912,"column":18},"end":{"line":912,"column":56}},"261":{"start":{"line":913,"column":28},"end":{"line":957,"column":5}},"262":{"start":{"line":959,"column":4},"end":{"line":959,"column":97}},"263":{"start":{"line":963,"column":28},"end":{"line":963,"column":60}},"264":{"start":{"line":964,"column":24},"end":{"line":1000,"column":5}},"265":{"start":{"line":1001,"column":4},"end":{"line":1005,"column":5}},"266":{"start":{"line":1002,"column":6},"end":{"line":1002,"column":57}},"267":{"start":{"line":1004,"column":6},"end":{"line":1004,"column":95}},"268":{"start":{"line":1009,"column":18},"end":{"line":1009,"column":56}},"269":{"start":{"line":1010,"column":28},"end":{"line":1059,"column":5}},"270":{"start":{"line":1061,"column":4},"end":{"line":1061,"column":97}},"271":{"start":{"line":1065,"column":4},"end":{"line":1068,"column":5}},"272":{"start":{"line":1066,"column":8},"end":{"line":1066,"column":94}},"273":{"start":{"line":1067,"column":8},"end":{"line":1067,"column":15}},"274":{"start":{"line":1069,"column":21},"end":{"line":1069,"column":73}},"275":{"start":{"line":1070,"column":4},"end":{"line":1081,"column":5}},"276":{"start":{"line":1071,"column":25},"end":{"line":1074,"column":10}},"277":{"start":{"line":1076,"column":27},"end":{"line":1076,"column":60}},"278":{"start":{"line":1077,"column":8},"end":{"line":1077,"column":63}},"279":{"start":{"line":1079,"column":8},"end":{"line":1079,"column":60}},"280":{"start":{"line":1080,"column":8},"end":{"line":1080,"column":94}},"281":{"start":{"line":1085,"column":23},"end":{"line":1098,"column":4}},"282":{"start":{"line":1086,"column":6},"end":{"line":1097,"column":8}},"283":{"start":{"line":1100,"column":25},"end":{"line":1113,"column":3}},"284":{"start":{"line":1115,"column":2},"end":{"line":1115,"column":94}},"285":{"start":{"line":1120,"column":4},"end":{"line":1120,"column":53}},"286":{"start":{"line":1122,"column":23},"end":{"line":1122,"column":46}},"287":{"start":{"line":1125,"column":4},"end":{"line":1204,"column":5}},"288":{"start":{"line":1127,"column":8},"end":{"line":1127,"column":79}},"289":{"start":{"line":1129,"column":8},"end":{"line":1129,"column":80}},"290":{"start":{"line":1130,"column":8},"end":{"line":1130,"column":14}},"291":{"start":{"line":1132,"column":8},"end":{"line":1132,"column":83}},"292":{"start":{"line":1133,"column":8},"end":{"line":1133,"column":77}},"293":{"start":{"line":1134,"column":8},"end":{"line":1134,"column":14}},"294":{"start":{"line":1136,"column":8},"end":{"line":1136,"column":91}},"295":{"start":{"line":1137,"column":8},"end":{"line":1137,"column":70}},"296":{"start":{"line":1138,"column":8},"end":{"line":1138,"column":14}},"297":{"start":{"line":1140,"column":8},"end":{"line":1140,"column":91}},"298":{"start":{"line":1141,"column":8},"end":{"line":1141,"column":69}},"299":{"start":{"line":1142,"column":8},"end":{"line":1142,"column":14}},"300":{"start":{"line":1144,"column":8},"end":{"line":1144,"column":97}},"301":{"start":{"line":1145,"column":8},"end":{"line":1145,"column":50}},"302":{"start":{"line":1146,"column":8},"end":{"line":1146,"column":14}},"303":{"start":{"line":1148,"column":8},"end":{"line":1148,"column":73}},"304":{"start":{"line":1149,"column":8},"end":{"line":1149,"column":50}},"305":{"start":{"line":1150,"column":8},"end":{"line":1150,"column":14}},"306":{"start":{"line":1152,"column":8},"end":{"line":1152,"column":46}},"307":{"start":{"line":1153,"column":8},"end":{"line":1153,"column":14}},"308":{"start":{"line":1155,"column":8},"end":{"line":1155,"column":52}},"309":{"start":{"line":1156,"column":8},"end":{"line":1156,"column":14}},"310":{"start":{"line":1158,"column":8},"end":{"line":1158,"column":53}},"311":{"start":{"line":1159,"column":8},"end":{"line":1159,"column":14}},"312":{"start":{"line":1161,"column":8},"end":{"line":1161,"column":120}},"313":{"start":{"line":1162,"column":8},"end":{"line":1162,"column":66}},"314":{"start":{"line":1163,"column":8},"end":{"line":1163,"column":14}},"315":{"start":{"line":1165,"column":8},"end":{"line":1165,"column":113}},"316":{"start":{"line":1166,"column":8},"end":{"line":1166,"column":69}},"317":{"start":{"line":1167,"column":8},"end":{"line":1167,"column":14}},"318":{"start":{"line":1169,"column":8},"end":{"line":1169,"column":95}},"319":{"start":{"line":1170,"column":8},"end":{"line":1170,"column":50}},"320":{"start":{"line":1171,"column":8},"end":{"line":1171,"column":14}},"321":{"start":{"line":1173,"column":8},"end":{"line":1173,"column":71}},"322":{"start":{"line":1174,"column":8},"end":{"line":1174,"column":50}},"323":{"start":{"line":1175,"column":8},"end":{"line":1175,"column":14}},"324":{"start":{"line":1177,"column":8},"end":{"line":1177,"column":52}},"325":{"start":{"line":1178,"column":8},"end":{"line":1178,"column":14}},"326":{"start":{"line":1180,"column":8},"end":{"line":1180,"column":50}},"327":{"start":{"line":1181,"column":8},"end":{"line":1181,"column":14}},"328":{"start":{"line":1183,"column":8},"end":{"line":1183,"column":54}},"329":{"start":{"line":1184,"column":8},"end":{"line":1184,"column":14}},"330":{"start":{"line":1186,"column":8},"end":{"line":1186,"column":49}},"331":{"start":{"line":1187,"column":8},"end":{"line":1187,"column":14}},"332":{"start":{"line":1189,"column":8},"end":{"line":1189,"column":43}},"333":{"start":{"line":1190,"column":8},"end":{"line":1190,"column":14}},"334":{"start":{"line":1192,"column":8},"end":{"line":1192,"column":55}},"335":{"start":{"line":1193,"column":8},"end":{"line":1193,"column":32}},"336":{"start":{"line":1194,"column":8},"end":{"line":1194,"column":14}},"337":{"start":{"line":1196,"column":8},"end":{"line":1196,"column":49}},"338":{"start":{"line":1197,"column":8},"end":{"line":1197,"column":14}},"339":{"start":{"line":1199,"column":8},"end":{"line":1199,"column":49}},"340":{"start":{"line":1200,"column":8},"end":{"line":1200,"column":14}},"341":{"start":{"line":1202,"column":8},"end":{"line":1202,"column":81}},"342":{"start":{"line":1203,"column":8},"end":{"line":1203,"column":14}},"343":{"start":{"line":1207,"column":4},"end":{"line":1211,"column":6}},"344":{"start":{"line":1218,"column":2},"end":{"line":1261,"column":3}},"345":{"start":{"line":1219,"column":6},"end":{"line":1219,"column":27}},"346":{"start":{"line":1220,"column":6},"end":{"line":1220,"column":24}},"347":{"start":{"line":1221,"column":9},"end":{"line":1261,"column":3}},"348":{"start":{"line":1222,"column":6},"end":{"line":1222,"column":24}},"349":{"start":{"line":1223,"column":9},"end":{"line":1261,"column":3}},"350":{"start":{"line":1224,"column":6},"end":{"line":1224,"column":26}},"351":{"start":{"line":1225,"column":9},"end":{"line":1261,"column":3}},"352":{"start":{"line":1226,"column":6},"end":{"line":1226,"column":28}},"353":{"start":{"line":1227,"column":9},"end":{"line":1261,"column":3}},"354":{"start":{"line":1228,"column":6},"end":{"line":1228,"column":20}},"355":{"start":{"line":1229,"column":9},"end":{"line":1261,"column":3}},"356":{"start":{"line":1230,"column":6},"end":{"line":1230,"column":28}},"357":{"start":{"line":1231,"column":9},"end":{"line":1261,"column":3}},"358":{"start":{"line":1232,"column":6},"end":{"line":1232,"column":31}},"359":{"start":{"line":1233,"column":9},"end":{"line":1261,"column":3}},"360":{"start":{"line":1234,"column":6},"end":{"line":1234,"column":29}},"361":{"start":{"line":1235,"column":9},"end":{"line":1261,"column":3}},"362":{"start":{"line":1236,"column":6},"end":{"line":1236,"column":24}},"363":{"start":{"line":1237,"column":9},"end":{"line":1261,"column":3}},"364":{"start":{"line":1238,"column":6},"end":{"line":1238,"column":29}},"365":{"start":{"line":1239,"column":9},"end":{"line":1261,"column":3}},"366":{"start":{"line":1240,"column":6},"end":{"line":1240,"column":24}},"367":{"start":{"line":1241,"column":9},"end":{"line":1261,"column":3}},"368":{"start":{"line":1242,"column":6},"end":{"line":1242,"column":28}},"369":{"start":{"line":1243,"column":9},"end":{"line":1261,"column":3}},"370":{"start":{"line":1244,"column":6},"end":{"line":1244,"column":22}},"371":{"start":{"line":1245,"column":9},"end":{"line":1261,"column":3}},"372":{"start":{"line":1246,"column":6},"end":{"line":1246,"column":27}},"373":{"start":{"line":1247,"column":9},"end":{"line":1261,"column":3}},"374":{"start":{"line":1248,"column":6},"end":{"line":1248,"column":32}},"375":{"start":{"line":1249,"column":9},"end":{"line":1261,"column":3}},"376":{"start":{"line":1250,"column":4},"end":{"line":1250,"column":20}},"377":{"start":{"line":1251,"column":8},"end":{"line":1261,"column":3}},"378":{"start":{"line":1252,"column":4},"end":{"line":1252,"column":25}},"379":{"start":{"line":1253,"column":9},"end":{"line":1261,"column":3}},"380":{"start":{"line":1254,"column":4},"end":{"line":1254,"column":25}},"381":{"start":{"line":1255,"column":9},"end":{"line":1261,"column":3}},"382":{"start":{"line":1256,"column":4},"end":{"line":1256,"column":24}},"383":{"start":{"line":1257,"column":8},"end":{"line":1261,"column":3}},"384":{"start":{"line":1258,"column":4},"end":{"line":1258,"column":23}},"385":{"start":{"line":1260,"column":2},"end":{"line":1260,"column":19}}},"fnMap":{"0":{"name":"(anonymous_0)","decl":{"start":{"line":35,"column":2},"end":{"line":35,"column":3}},"loc":{"start":{"line":35,"column":16},"end":{"line":233,"column":3}},"line":35},"1":{"name":"(anonymous_1)","decl":{"start":{"line":40,"column":24},"end":{"line":40,"column":25}},"loc":{"start":{"line":40,"column":49},"end":{"line":52,"column":5}},"line":40},"2":{"name":"(anonymous_2)","decl":{"start":{"line":54,"column":19},"end":{"line":54,"column":20}},"loc":{"start":{"line":54,"column":48},"end":{"line":217,"column":5}},"line":54},"3":{"name":"(anonymous_3)","decl":{"start":{"line":220,"column":24},"end":{"line":220,"column":25}},"loc":{"start":{"line":220,"column":49},"end":{"line":232,"column":5}},"line":220},"4":{"name":"(anonymous_4)","decl":{"start":{"line":235,"column":2},"end":{"line":235,"column":3}},"loc":{"start":{"line":235,"column":53},"end":{"line":239,"column":1}},"line":235},"5":{"name":"(anonymous_5)","decl":{"start":{"line":240,"column":2},"end":{"line":240,"column":3}},"loc":{"start":{"line":240,"column":59},"end":{"line":252,"column":3}},"line":240},"6":{"name":"(anonymous_6)","decl":{"start":{"line":256,"column":2},"end":{"line":256,"column":3}},"loc":{"start":{"line":256,"column":55},"end":{"line":280,"column":1}},"line":256},"7":{"name":"(anonymous_7)","decl":{"start":{"line":281,"column":0},"end":{"line":281,"column":1}},"loc":{"start":{"line":281,"column":57},"end":{"line":300,"column":1}},"line":281},"8":{"name":"(anonymous_8)","decl":{"start":{"line":303,"column":2},"end":{"line":303,"column":3}},"loc":{"start":{"line":303,"column":79},"end":{"line":336,"column":3}},"line":303},"9":{"name":"(anonymous_9)","decl":{"start":{"line":323,"column":17},"end":{"line":323,"column":18}},"loc":{"start":{"line":323,"column":23},"end":{"line":326,"column":7}},"line":323},"10":{"name":"(anonymous_10)","decl":{"start":{"line":338,"column":2},"end":{"line":338,"column":3}},"loc":{"start":{"line":338,"column":71},"end":{"line":364,"column":3}},"line":338},"11":{"name":"(anonymous_11)","decl":{"start":{"line":366,"column":2},"end":{"line":366,"column":3}},"loc":{"start":{"line":366,"column":60},"end":{"line":435,"column":3}},"line":366},"12":{"name":"(anonymous_12)","decl":{"start":{"line":437,"column":2},"end":{"line":437,"column":3}},"loc":{"start":{"line":437,"column":67},"end":{"line":526,"column":1}},"line":437},"13":{"name":"(anonymous_13)","decl":{"start":{"line":530,"column":2},"end":{"line":530,"column":3}},"loc":{"start":{"line":530,"column":76},"end":{"line":538,"column":3}},"line":530},"14":{"name":"(anonymous_14)","decl":{"start":{"line":540,"column":2},"end":{"line":540,"column":3}},"loc":{"start":{"line":540,"column":59},"end":{"line":570,"column":3}},"line":540},"15":{"name":"(anonymous_15)","decl":{"start":{"line":572,"column":2},"end":{"line":572,"column":3}},"loc":{"start":{"line":572,"column":64},"end":{"line":609,"column":3}},"line":572},"16":{"name":"(anonymous_16)","decl":{"start":{"line":611,"column":2},"end":{"line":611,"column":3}},"loc":{"start":{"line":611,"column":73},"end":{"line":620,"column":3}},"line":611},"17":{"name":"(anonymous_17)","decl":{"start":{"line":622,"column":2},"end":{"line":622,"column":3}},"loc":{"start":{"line":622,"column":63},"end":{"line":652,"column":3}},"line":622},"18":{"name":"(anonymous_18)","decl":{"start":{"line":654,"column":2},"end":{"line":654,"column":3}},"loc":{"start":{"line":654,"column":62},"end":{"line":684,"column":3}},"line":654},"19":{"name":"(anonymous_19)","decl":{"start":{"line":686,"column":2},"end":{"line":686,"column":3}},"loc":{"start":{"line":686,"column":66},"end":{"line":704,"column":3}},"line":686},"20":{"name":"(anonymous_20)","decl":{"start":{"line":706,"column":2},"end":{"line":706,"column":3}},"loc":{"start":{"line":706,"column":85},"end":{"line":724,"column":3}},"line":706},"21":{"name":"(anonymous_21)","decl":{"start":{"line":726,"column":2},"end":{"line":726,"column":3}},"loc":{"start":{"line":726,"column":53},"end":{"line":756,"column":3}},"line":726},"22":{"name":"(anonymous_22)","decl":{"start":{"line":758,"column":2},"end":{"line":758,"column":3}},"loc":{"start":{"line":758,"column":63},"end":{"line":844,"column":3}},"line":758},"23":{"name":"(anonymous_23)","decl":{"start":{"line":846,"column":2},"end":{"line":846,"column":3}},"loc":{"start":{"line":846,"column":62},"end":{"line":876,"column":3}},"line":846},"24":{"name":"(anonymous_24)","decl":{"start":{"line":878,"column":2},"end":{"line":878,"column":3}},"loc":{"start":{"line":878,"column":85},"end":{"line":904,"column":3}},"line":878},"25":{"name":"(anonymous_25)","decl":{"start":{"line":906,"column":2},"end":{"line":906,"column":3}},"loc":{"start":{"line":906,"column":60},"end":{"line":960,"column":3}},"line":906},"26":{"name":"(anonymous_26)","decl":{"start":{"line":962,"column":2},"end":{"line":962,"column":3}},"loc":{"start":{"line":962,"column":58},"end":{"line":1006,"column":1}},"line":962},"27":{"name":"(anonymous_27)","decl":{"start":{"line":1008,"column":2},"end":{"line":1008,"column":3}},"loc":{"start":{"line":1008,"column":62},"end":{"line":1062,"column":3}},"line":1008},"28":{"name":"(anonymous_28)","decl":{"start":{"line":1064,"column":2},"end":{"line":1064,"column":3}},"loc":{"start":{"line":1064,"column":74},"end":{"line":1082,"column":1}},"line":1064},"29":{"name":"(anonymous_29)","decl":{"start":{"line":1084,"column":0},"end":{"line":1084,"column":1}},"loc":{"start":{"line":1084,"column":93},"end":{"line":1116,"column":1}},"line":1084},"30":{"name":"(anonymous_30)","decl":{"start":{"line":1085,"column":38},"end":{"line":1085,"column":39}},"loc":{"start":{"line":1085,"column":45},"end":{"line":1098,"column":3}},"line":1085},"31":{"name":"(anonymous_31)","decl":{"start":{"line":1119,"column":2},"end":{"line":1119,"column":3}},"loc":{"start":{"line":1119,"column":140},"end":{"line":1212,"column":3}},"line":1119},"32":{"name":"parseText","decl":{"start":{"line":1217,"column":9},"end":{"line":1217,"column":18}},"loc":{"start":{"line":1217,"column":24},"end":{"line":1264,"column":1}},"line":1217}},"branchMap":{"0":{"loc":{"start":{"line":44,"column":8},"end":{"line":48,"column":9}},"type":"if","locations":[{"start":{"line":44,"column":8},"end":{"line":48,"column":9}},{"start":{},"end":{}}],"line":44},"1":{"loc":{"start":{"line":60,"column":6},"end":{"line":62,"column":7}},"type":"if","locations":[{"start":{"line":60,"column":6},"end":{"line":62,"column":7}},{"start":{},"end":{}}],"line":60},"2":{"loc":{"start":{"line":84,"column":6},"end":{"line":213,"column":7}},"type":"switch","locations":[{"start":{"line":85,"column":8},"end":{"line":95,"column":9}},{"start":{"line":98,"column":8},"end":{"line":101,"column":9}},{"start":{"line":103,"column":8},"end":{"line":106,"column":9}},{"start":{"line":109,"column":8},"end":{"line":113,"column":9}},{"start":{"line":116,"column":8},"end":{"line":125,"column":9}},{"start":{"line":128,"column":8},"end":{"line":131,"column":9}},{"start":{"line":138,"column":8},"end":{"line":141,"column":9}},{"start":{"line":143,"column":8},"end":{"line":151,"column":9}},{"start":{"line":153,"column":8},"end":{"line":156,"column":9}},{"start":{"line":159,"column":8},"end":{"line":167,"column":9}},{"start":{"line":169,"column":8},"end":{"line":172,"column":9}},{"start":{"line":174,"column":8},"end":{"line":177,"column":9}},{"start":{"line":179,"column":8},"end":{"line":182,"column":9}},{"start":{"line":184,"column":8},"end":{"line":187,"column":9}},{"start":{"line":189,"column":8},"end":{"line":192,"column":9}},{"start":{"line":193,"column":8},"end":{"line":196,"column":9}},{"start":{"line":198,"column":8},"end":{"line":201,"column":9}},{"start":{"line":203,"column":8},"end":{"line":207,"column":9}},{"start":{"line":209,"column":8},"end":{"line":212,"column":9}}],"line":84},"3":{"loc":{"start":{"line":87,"column":27},"end":{"line":87,"column":67}},"type":"binary-expr","locations":[{"start":{"line":87,"column":27},"end":{"line":87,"column":57}},{"start":{"line":87,"column":61},"end":{"line":87,"column":67}}],"line":87},"4":{"loc":{"start":{"line":89,"column":29},"end":{"line":89,"column":103}},"type":"cond-expr","locations":[{"start":{"line":89,"column":41},"end":{"line":89,"column":55}},{"start":{"line":89,"column":58},"end":{"line":89,"column":103}}],"line":89},"5":{"loc":{"start":{"line":89,"column":58},"end":{"line":89,"column":103}},"type":"cond-expr","locations":[{"start":{"line":89,"column":70},"end":{"line":89,"column":86}},{"start":{"line":89,"column":89},"end":{"line":89,"column":103}}],"line":89},"6":{"loc":{"start":{"line":117,"column":10},"end":{"line":124,"column":11}},"type":"if","locations":[{"start":{"line":117,"column":10},"end":{"line":124,"column":11}},{"start":{"line":120,"column":17},"end":{"line":124,"column":11}}],"line":117},"7":{"loc":{"start":{"line":117,"column":14},"end":{"line":117,"column":46}},"type":"binary-expr","locations":[{"start":{"line":117,"column":14},"end":{"line":117,"column":28}},{"start":{"line":117,"column":32},"end":{"line":117,"column":46}}],"line":117},"8":{"loc":{"start":{"line":144,"column":10},"end":{"line":150,"column":11}},"type":"if","locations":[{"start":{"line":144,"column":10},"end":{"line":150,"column":11}},{"start":{"line":147,"column":17},"end":{"line":150,"column":11}}],"line":144},"9":{"loc":{"start":{"line":160,"column":10},"end":{"line":166,"column":11}},"type":"if","locations":[{"start":{"line":160,"column":10},"end":{"line":166,"column":11}},{"start":{"line":163,"column":17},"end":{"line":166,"column":11}}],"line":160},"10":{"loc":{"start":{"line":160,"column":14},"end":{"line":160,"column":46}},"type":"binary-expr","locations":[{"start":{"line":160,"column":14},"end":{"line":160,"column":28}},{"start":{"line":160,"column":32},"end":{"line":160,"column":46}}],"line":160},"11":{"loc":{"start":{"line":223,"column":8},"end":{"line":229,"column":9}},"type":"if","locations":[{"start":{"line":223,"column":8},"end":{"line":229,"column":9}},{"start":{},"end":{}}],"line":223},"12":{"loc":{"start":{"line":241,"column":21},"end":{"line":241,"column":61}},"type":"binary-expr","locations":[{"start":{"line":241,"column":21},"end":{"line":241,"column":51}},{"start":{"line":241,"column":55},"end":{"line":241,"column":61}}],"line":241},"13":{"loc":{"start":{"line":243,"column":23},"end":{"line":243,"column":97}},"type":"cond-expr","locations":[{"start":{"line":243,"column":35},"end":{"line":243,"column":49}},{"start":{"line":243,"column":52},"end":{"line":243,"column":97}}],"line":243},"14":{"loc":{"start":{"line":243,"column":52},"end":{"line":243,"column":97}},"type":"cond-expr","locations":[{"start":{"line":243,"column":64},"end":{"line":243,"column":80}},{"start":{"line":243,"column":83},"end":{"line":243,"column":97}}],"line":243},"15":{"loc":{"start":{"line":257,"column":4},"end":{"line":279,"column":3}},"type":"if","locations":[{"start":{"line":257,"column":4},"end":{"line":279,"column":3}},{"start":{"line":263,"column":10},"end":{"line":279,"column":3}}],"line":257},"16":{"loc":{"start":{"line":283,"column":2},"end":{"line":299,"column":1}},"type":"if","locations":[{"start":{"line":283,"column":2},"end":{"line":299,"column":1}},{"start":{"line":286,"column":8},"end":{"line":299,"column":1}}],"line":283},"17":{"loc":{"start":{"line":320,"column":6},"end":{"line":322,"column":7}},"type":"if","locations":[{"start":{"line":320,"column":6},"end":{"line":322,"column":7}},{"start":{},"end":{}}],"line":320},"18":{"loc":{"start":{"line":339,"column":4},"end":{"line":342,"column":5}},"type":"if","locations":[{"start":{"line":339,"column":4},"end":{"line":342,"column":5}},{"start":{},"end":{}}],"line":339},"19":{"loc":{"start":{"line":354,"column":6},"end":{"line":359,"column":7}},"type":"if","locations":[{"start":{"line":354,"column":6},"end":{"line":359,"column":7}},{"start":{"line":357,"column":13},"end":{"line":359,"column":7}}],"line":354},"20":{"loc":{"start":{"line":367,"column":4},"end":{"line":370,"column":5}},"type":"if","locations":[{"start":{"line":367,"column":4},"end":{"line":370,"column":5}},{"start":{},"end":{}}],"line":367},"21":{"loc":{"start":{"line":438,"column":4},"end":{"line":441,"column":5}},"type":"if","locations":[{"start":{"line":438,"column":4},"end":{"line":441,"column":5}},{"start":{},"end":{}}],"line":438},"22":{"loc":{"start":{"line":450,"column":6},"end":{"line":521,"column":7}},"type":"if","locations":[{"start":{"line":450,"column":6},"end":{"line":521,"column":7}},{"start":{"line":519,"column":13},"end":{"line":521,"column":7}}],"line":450},"23":{"loc":{"start":{"line":532,"column":4},"end":{"line":537,"column":5}},"type":"if","locations":[{"start":{"line":532,"column":4},"end":{"line":537,"column":5}},{"start":{"line":535,"column":11},"end":{"line":537,"column":5}}],"line":532},"24":{"loc":{"start":{"line":613,"column":4},"end":{"line":619,"column":5}},"type":"if","locations":[{"start":{"line":613,"column":4},"end":{"line":619,"column":5}},{"start":{"line":617,"column":11},"end":{"line":619,"column":5}}],"line":613},"25":{"loc":{"start":{"line":613,"column":8},"end":{"line":613,"column":32}},"type":"binary-expr","locations":[{"start":{"line":613,"column":8},"end":{"line":613,"column":18}},{"start":{"line":613,"column":22},"end":{"line":613,"column":32}}],"line":613},"26":{"loc":{"start":{"line":694,"column":6},"end":{"line":699,"column":7}},"type":"if","locations":[{"start":{"line":694,"column":6},"end":{"line":699,"column":7}},{"start":{"line":697,"column":13},"end":{"line":699,"column":7}}],"line":694},"27":{"loc":{"start":{"line":714,"column":6},"end":{"line":719,"column":7}},"type":"if","locations":[{"start":{"line":714,"column":6},"end":{"line":719,"column":7}},{"start":{"line":717,"column":13},"end":{"line":719,"column":7}}],"line":714},"28":{"loc":{"start":{"line":759,"column":4},"end":{"line":762,"column":5}},"type":"if","locations":[{"start":{"line":759,"column":4},"end":{"line":762,"column":5}},{"start":{},"end":{}}],"line":759},"29":{"loc":{"start":{"line":772,"column":6},"end":{"line":839,"column":7}},"type":"if","locations":[{"start":{"line":772,"column":6},"end":{"line":839,"column":7}},{"start":{"line":837,"column":13},"end":{"line":839,"column":7}}],"line":772},"30":{"loc":{"start":{"line":879,"column":4},"end":{"line":882,"column":5}},"type":"if","locations":[{"start":{"line":879,"column":4},"end":{"line":882,"column":5}},{"start":{},"end":{}}],"line":879},"31":{"loc":{"start":{"line":894,"column":6},"end":{"line":899,"column":7}},"type":"if","locations":[{"start":{"line":894,"column":6},"end":{"line":899,"column":7}},{"start":{"line":897,"column":13},"end":{"line":899,"column":7}}],"line":894},"32":{"loc":{"start":{"line":907,"column":4},"end":{"line":910,"column":5}},"type":"if","locations":[{"start":{"line":907,"column":4},"end":{"line":910,"column":5}},{"start":{},"end":{}}],"line":907},"33":{"loc":{"start":{"line":963,"column":28},"end":{"line":963,"column":60}},"type":"cond-expr","locations":[{"start":{"line":963,"column":44},"end":{"line":963,"column":50}},{"start":{"line":963,"column":53},"end":{"line":963,"column":60}}],"line":963},"34":{"loc":{"start":{"line":1001,"column":4},"end":{"line":1005,"column":5}},"type":"if","locations":[{"start":{"line":1001,"column":4},"end":{"line":1005,"column":5}},{"start":{"line":1003,"column":10},"end":{"line":1005,"column":5}}],"line":1001},"35":{"loc":{"start":{"line":1001,"column":8},"end":{"line":1001,"column":108}},"type":"binary-expr","locations":[{"start":{"line":1001,"column":8},"end":{"line":1001,"column":29}},{"start":{"line":1001,"column":33},"end":{"line":1001,"column":54}},{"start":{"line":1001,"column":58},"end":{"line":1001,"column":78}},{"start":{"line":1001,"column":82},"end":{"line":1001,"column":108}}],"line":1001},"36":{"loc":{"start":{"line":1065,"column":4},"end":{"line":1068,"column":5}},"type":"if","locations":[{"start":{"line":1065,"column":4},"end":{"line":1068,"column":5}},{"start":{},"end":{}}],"line":1065},"37":{"loc":{"start":{"line":1125,"column":4},"end":{"line":1204,"column":5}},"type":"switch","locations":[{"start":{"line":1126,"column":6},"end":{"line":1130,"column":14}},{"start":{"line":1131,"column":6},"end":{"line":1134,"column":14}},{"start":{"line":1135,"column":6},"end":{"line":1138,"column":14}},{"start":{"line":1139,"column":6},"end":{"line":1142,"column":14}},{"start":{"line":1143,"column":6},"end":{"line":1146,"column":14}},{"start":{"line":1147,"column":6},"end":{"line":1150,"column":14}},{"start":{"line":1151,"column":6},"end":{"line":1153,"column":14}},{"start":{"line":1154,"column":6},"end":{"line":1156,"column":14}},{"start":{"line":1157,"column":6},"end":{"line":1159,"column":14}},{"start":{"line":1160,"column":6},"end":{"line":1163,"column":14}},{"start":{"line":1164,"column":6},"end":{"line":1167,"column":14}},{"start":{"line":1168,"column":6},"end":{"line":1171,"column":14}},{"start":{"line":1172,"column":6},"end":{"line":1175,"column":14}},{"start":{"line":1176,"column":6},"end":{"line":1178,"column":14}},{"start":{"line":1179,"column":6},"end":{"line":1181,"column":14}},{"start":{"line":1182,"column":6},"end":{"line":1184,"column":14}},{"start":{"line":1185,"column":6},"end":{"line":1187,"column":14}},{"start":{"line":1188,"column":6},"end":{"line":1190,"column":14}},{"start":{"line":1191,"column":6},"end":{"line":1194,"column":14}},{"start":{"line":1195,"column":6},"end":{"line":1197,"column":14}},{"start":{"line":1198,"column":6},"end":{"line":1200,"column":14}},{"start":{"line":1201,"column":6},"end":{"line":1203,"column":14}}],"line":1125},"38":{"loc":{"start":{"line":1218,"column":2},"end":{"line":1261,"column":3}},"type":"if","locations":[{"start":{"line":1218,"column":2},"end":{"line":1261,"column":3}},{"start":{"line":1221,"column":9},"end":{"line":1261,"column":3}}],"line":1218},"39":{"loc":{"start":{"line":1218,"column":6},"end":{"line":1218,"column":72}},"type":"binary-expr","locations":[{"start":{"line":1218,"column":6},"end":{"line":1218,"column":27}},{"start":{"line":1218,"column":31},"end":{"line":1218,"column":49}},{"start":{"line":1218,"column":53},"end":{"line":1218,"column":72}}],"line":1218},"40":{"loc":{"start":{"line":1221,"column":9},"end":{"line":1261,"column":3}},"type":"if","locations":[{"start":{"line":1221,"column":9},"end":{"line":1261,"column":3}},{"start":{"line":1223,"column":9},"end":{"line":1261,"column":3}}],"line":1221},"41":{"loc":{"start":{"line":1223,"column":9},"end":{"line":1261,"column":3}},"type":"if","locations":[{"start":{"line":1223,"column":9},"end":{"line":1261,"column":3}},{"start":{"line":1225,"column":9},"end":{"line":1261,"column":3}}],"line":1223},"42":{"loc":{"start":{"line":1223,"column":13},"end":{"line":1223,"column":59}},"type":"binary-expr","locations":[{"start":{"line":1223,"column":13},"end":{"line":1223,"column":33}},{"start":{"line":1223,"column":37},"end":{"line":1223,"column":59}}],"line":1223},"43":{"loc":{"start":{"line":1225,"column":9},"end":{"line":1261,"column":3}},"type":"if","locations":[{"start":{"line":1225,"column":9},"end":{"line":1261,"column":3}},{"start":{"line":1227,"column":9},"end":{"line":1261,"column":3}}],"line":1225},"44":{"loc":{"start":{"line":1225,"column":13},"end":{"line":1225,"column":95}},"type":"binary-expr","locations":[{"start":{"line":1225,"column":13},"end":{"line":1225,"column":41}},{"start":{"line":1225,"column":45},"end":{"line":1225,"column":66}},{"start":{"line":1225,"column":70},"end":{"line":1225,"column":95}}],"line":1225},"45":{"loc":{"start":{"line":1227,"column":9},"end":{"line":1261,"column":3}},"type":"if","locations":[{"start":{"line":1227,"column":9},"end":{"line":1261,"column":3}},{"start":{"line":1229,"column":9},"end":{"line":1261,"column":3}}],"line":1227},"46":{"loc":{"start":{"line":1229,"column":9},"end":{"line":1261,"column":3}},"type":"if","locations":[{"start":{"line":1229,"column":9},"end":{"line":1261,"column":3}},{"start":{"line":1231,"column":9},"end":{"line":1261,"column":3}}],"line":1229},"47":{"loc":{"start":{"line":1229,"column":13},"end":{"line":1229,"column":65}},"type":"binary-expr","locations":[{"start":{"line":1229,"column":13},"end":{"line":1229,"column":41}},{"start":{"line":1229,"column":45},"end":{"line":1229,"column":65}}],"line":1229},"48":{"loc":{"start":{"line":1231,"column":9},"end":{"line":1261,"column":3}},"type":"if","locations":[{"start":{"line":1231,"column":9},"end":{"line":1261,"column":3}},{"start":{"line":1233,"column":9},"end":{"line":1261,"column":3}}],"line":1231},"49":{"loc":{"start":{"line":1231,"column":13},"end":{"line":1231,"column":120}},"type":"binary-expr","locations":[{"start":{"line":1231,"column":14},"end":{"line":1231,"column":35}},{"start":{"line":1231,"column":39},"end":{"line":1231,"column":61}},{"start":{"line":1231,"column":67},"end":{"line":1231,"column":89}},{"start":{"line":1231,"column":93},"end":{"line":1231,"column":119}}],"line":1231},"50":{"loc":{"start":{"line":1233,"column":9},"end":{"line":1261,"column":3}},"type":"if","locations":[{"start":{"line":1233,"column":9},"end":{"line":1261,"column":3}},{"start":{"line":1235,"column":9},"end":{"line":1261,"column":3}}],"line":1233},"51":{"loc":{"start":{"line":1233,"column":13},"end":{"line":1233,"column":110}},"type":"binary-expr","locations":[{"start":{"line":1233,"column":13},"end":{"line":1233,"column":33}},{"start":{"line":1233,"column":38},"end":{"line":1233,"column":56}},{"start":{"line":1233,"column":60},"end":{"line":1233,"column":82}},{"start":{"line":1233,"column":86},"end":{"line":1233,"column":109}}],"line":1233},"52":{"loc":{"start":{"line":1235,"column":9},"end":{"line":1261,"column":3}},"type":"if","locations":[{"start":{"line":1235,"column":9},"end":{"line":1261,"column":3}},{"start":{"line":1237,"column":9},"end":{"line":1261,"column":3}}],"line":1235},"53":{"loc":{"start":{"line":1235,"column":13},"end":{"line":1235,"column":86}},"type":"binary-expr","locations":[{"start":{"line":1235,"column":13},"end":{"line":1235,"column":35}},{"start":{"line":1235,"column":40},"end":{"line":1235,"column":58}},{"start":{"line":1235,"column":62},"end":{"line":1235,"column":85}}],"line":1235},"54":{"loc":{"start":{"line":1237,"column":9},"end":{"line":1261,"column":3}},"type":"if","locations":[{"start":{"line":1237,"column":9},"end":{"line":1261,"column":3}},{"start":{"line":1239,"column":9},"end":{"line":1261,"column":3}}],"line":1237},"55":{"loc":{"start":{"line":1237,"column":13},"end":{"line":1237,"column":123}},"type":"binary-expr","locations":[{"start":{"line":1237,"column":14},"end":{"line":1237,"column":36}},{"start":{"line":1237,"column":40},"end":{"line":1237,"column":62}},{"start":{"line":1237,"column":68},"end":{"line":1237,"column":91}},{"start":{"line":1237,"column":95},"end":{"line":1237,"column":122}}],"line":1237},"56":{"loc":{"start":{"line":1239,"column":9},"end":{"line":1261,"column":3}},"type":"if","locations":[{"start":{"line":1239,"column":9},"end":{"line":1261,"column":3}},{"start":{"line":1241,"column":9},"end":{"line":1261,"column":3}}],"line":1239},"57":{"loc":{"start":{"line":1239,"column":13},"end":{"line":1239,"column":94}},"type":"binary-expr","locations":[{"start":{"line":1239,"column":13},"end":{"line":1239,"column":33}},{"start":{"line":1239,"column":38},"end":{"line":1239,"column":62}},{"start":{"line":1239,"column":66},"end":{"line":1239,"column":93}}],"line":1239},"58":{"loc":{"start":{"line":1241,"column":9},"end":{"line":1261,"column":3}},"type":"if","locations":[{"start":{"line":1241,"column":9},"end":{"line":1261,"column":3}},{"start":{"line":1243,"column":9},"end":{"line":1261,"column":3}}],"line":1241},"59":{"loc":{"start":{"line":1241,"column":13},"end":{"line":1241,"column":89}},"type":"binary-expr","locations":[{"start":{"line":1241,"column":14},"end":{"line":1241,"column":37}},{"start":{"line":1241,"column":41},"end":{"line":1241,"column":63}},{"start":{"line":1241,"column":68},"end":{"line":1241,"column":89}}],"line":1241},"60":{"loc":{"start":{"line":1243,"column":9},"end":{"line":1261,"column":3}},"type":"if","locations":[{"start":{"line":1243,"column":9},"end":{"line":1261,"column":3}},{"start":{"line":1245,"column":9},"end":{"line":1261,"column":3}}],"line":1243},"61":{"loc":{"start":{"line":1245,"column":9},"end":{"line":1261,"column":3}},"type":"if","locations":[{"start":{"line":1245,"column":9},"end":{"line":1261,"column":3}},{"start":{"line":1247,"column":9},"end":{"line":1261,"column":3}}],"line":1245},"62":{"loc":{"start":{"line":1245,"column":13},"end":{"line":1245,"column":182}},"type":"binary-expr","locations":[{"start":{"line":1245,"column":14},"end":{"line":1245,"column":37}},{"start":{"line":1245,"column":41},"end":{"line":1245,"column":66}},{"start":{"line":1245,"column":70},"end":{"line":1245,"column":95}},{"start":{"line":1245,"column":101},"end":{"line":1245,"column":123}},{"start":{"line":1245,"column":127},"end":{"line":1245,"column":156}},{"start":{"line":1245,"column":160},"end":{"line":1245,"column":181}}],"line":1245},"63":{"loc":{"start":{"line":1247,"column":9},"end":{"line":1261,"column":3}},"type":"if","locations":[{"start":{"line":1247,"column":9},"end":{"line":1261,"column":3}},{"start":{"line":1249,"column":9},"end":{"line":1261,"column":3}}],"line":1247},"64":{"loc":{"start":{"line":1247,"column":13},"end":{"line":1247,"column":59}},"type":"binary-expr","locations":[{"start":{"line":1247,"column":13},"end":{"line":1247,"column":34}},{"start":{"line":1247,"column":38},"end":{"line":1247,"column":59}}],"line":1247},"65":{"loc":{"start":{"line":1249,"column":9},"end":{"line":1261,"column":3}},"type":"if","locations":[{"start":{"line":1249,"column":9},"end":{"line":1261,"column":3}},{"start":{"line":1251,"column":8},"end":{"line":1261,"column":3}}],"line":1249},"66":{"loc":{"start":{"line":1249,"column":13},"end":{"line":1249,"column":85}},"type":"binary-expr","locations":[{"start":{"line":1249,"column":13},"end":{"line":1249,"column":35}},{"start":{"line":1249,"column":40},"end":{"line":1249,"column":59}},{"start":{"line":1249,"column":64},"end":{"line":1249,"column":83}}],"line":1249},"67":{"loc":{"start":{"line":1251,"column":8},"end":{"line":1261,"column":3}},"type":"if","locations":[{"start":{"line":1251,"column":8},"end":{"line":1261,"column":3}},{"start":{"line":1253,"column":9},"end":{"line":1261,"column":3}}],"line":1251},"68":{"loc":{"start":{"line":1251,"column":11},"end":{"line":1251,"column":137}},"type":"binary-expr","locations":[{"start":{"line":1251,"column":12},"end":{"line":1251,"column":32}},{"start":{"line":1251,"column":36},"end":{"line":1251,"column":54}},{"start":{"line":1251,"column":58},"end":{"line":1251,"column":78}},{"start":{"line":1251,"column":84},"end":{"line":1251,"column":107}},{"start":{"line":1251,"column":112},"end":{"line":1251,"column":135}}],"line":1251},"69":{"loc":{"start":{"line":1253,"column":9},"end":{"line":1261,"column":3}},"type":"if","locations":[{"start":{"line":1253,"column":9},"end":{"line":1261,"column":3}},{"start":{"line":1255,"column":9},"end":{"line":1261,"column":3}}],"line":1253},"70":{"loc":{"start":{"line":1253,"column":12},"end":{"line":1253,"column":87}},"type":"binary-expr","locations":[{"start":{"line":1253,"column":13},"end":{"line":1253,"column":35}},{"start":{"line":1253,"column":39},"end":{"line":1253,"column":61}},{"start":{"line":1253,"column":66},"end":{"line":1253,"column":87}}],"line":1253},"71":{"loc":{"start":{"line":1255,"column":9},"end":{"line":1261,"column":3}},"type":"if","locations":[{"start":{"line":1255,"column":9},"end":{"line":1261,"column":3}},{"start":{"line":1257,"column":8},"end":{"line":1261,"column":3}}],"line":1255},"72":{"loc":{"start":{"line":1255,"column":12},"end":{"line":1255,"column":120}},"type":"binary-expr","locations":[{"start":{"line":1255,"column":12},"end":{"line":1255,"column":31}},{"start":{"line":1255,"column":36},"end":{"line":1255,"column":59}},{"start":{"line":1255,"column":63},"end":{"line":1255,"column":88}},{"start":{"line":1255,"column":93},"end":{"line":1255,"column":118}}],"line":1255},"73":{"loc":{"start":{"line":1257,"column":8},"end":{"line":1261,"column":3}},"type":"if","locations":[{"start":{"line":1257,"column":8},"end":{"line":1261,"column":3}},{"start":{"line":1259,"column":8},"end":{"line":1261,"column":3}}],"line":1257},"74":{"loc":{"start":{"line":1257,"column":11},"end":{"line":1257,"column":83}},"type":"binary-expr","locations":[{"start":{"line":1257,"column":11},"end":{"line":1257,"column":33}},{"start":{"line":1257,"column":38},"end":{"line":1257,"column":57}},{"start":{"line":1257,"column":61},"end":{"line":1257,"column":82}}],"line":1257}},"s":{"0":1,"1":1,"2":1,"3":1,"4":1,"5":1,"6":1,"7":1,"8":1,"9":1,"10":1,"11":1,"12":1,"13":1,"14":1,"15":1,"16":1,"17":1,"18":1,"19":1,"20":1,"21":4,"22":4,"23":4,"24":4,"25":4,"26":4,"27":4,"28":4,"29":4,"30":1,"31":1,"32":1,"33":1,"34":1,"35":1,"36":1,"37":1,"38":1,"39":0,"40":0,"41":1,"42":1,"43":0,"44":0,"45":0,"46":1,"47":0,"48":0,"49":1,"50":1,"51":1,"52":0,"53":0,"54":0,"55":0,"56":1,"57":0,"58":0,"59":1,"60":1,"61":0,"62":0,"63":0,"64":0,"65":0,"66":0,"67":0,"68":0,"69":0,"70":0,"71":0,"72":0,"73":0,"74":0,"75":0,"76":0,"77":0,"78":0,"79":0,"80":0,"81":0,"82":0,"83":0,"84":0,"85":0,"86":0,"87":4,"88":1,"89":1,"90":1,"91":1,"92":1,"93":1,"94":1,"95":1,"96":1,"97":1,"98":1,"99":1,"100":1,"101":1,"102":1,"103":1,"104":1,"105":1,"106":0,"107":0,"108":0,"109":0,"110":0,"111":0,"112":0,"113":0,"114":0,"115":0,"116":0,"117":0,"118":0,"119":0,"120":0,"121":0,"122":0,"123":0,"124":0,"125":0,"126":0,"127":0,"128":0,"129":0,"130":0,"131":0,"132":0,"133":1,"134":1,"135":1,"136":1,"137":1,"138":1,"139":1,"140":1,"141":1,"142":1,"143":0,"144":0,"145":1,"146":0,"147":0,"148":0,"149":0,"150":0,"151":0,"152":0,"153":0,"154":0,"155":0,"156":0,"157":0,"158":0,"159":0,"160":0,"161":0,"162":0,"163":0,"164":0,"165":0,"166":0,"167":0,"168":0,"169":0,"170":0,"171":0,"172":0,"173":0,"174":0,"175":0,"176":0,"177":0,"178":0,"179":0,"180":0,"181":0,"182":0,"183":0,"184":0,"185":0,"186":0,"187":0,"188":0,"189":0,"190":0,"191":0,"192":0,"193":0,"194":0,"195":0,"196":0,"197":0,"198":0,"199":0,"200":0,"201":0,"202":0,"203":0,"204":0,"205":0,"206":0,"207":0,"208":0,"209":0,"210":0,"211":0,"212":0,"213":0,"214":0,"215":0,"216":0,"217":0,"218":0,"219":0,"220":0,"221":0,"222":0,"223":0,"224":0,"225":0,"226":0,"227":0,"228":0,"229":0,"230":0,"231":0,"232":0,"233":0,"234":0,"235":0,"236":0,"237":0,"238":0,"239":0,"240":0,"241":0,"242":0,"243":0,"244":0,"245":0,"246":0,"247":0,"248":0,"249":0,"250":0,"251":0,"252":0,"253":0,"254":0,"255":0,"256":0,"257":0,"258":0,"259":0,"260":0,"261":0,"262":0,"263":0,"264":0,"265":0,"266":0,"267":0,"268":0,"269":0,"270":0,"271":0,"272":0,"273":0,"274":0,"275":0,"276":0,"277":0,"278":0,"279":0,"280":0,"281":0,"282":0,"283":0,"284":0,"285":0,"286":0,"287":0,"288":0,"289":0,"290":0,"291":0,"292":0,"293":0,"294":0,"295":0,"296":0,"297":0,"298":0,"299":0,"300":0,"301":0,"302":0,"303":0,"304":0,"305":0,"306":0,"307":0,"308":0,"309":0,"310":0,"311":0,"312":0,"313":0,"314":0,"315":0,"316":0,"317":0,"318":0,"319":0,"320":0,"321":0,"322":0,"323":0,"324":0,"325":0,"326":0,"327":0,"328":0,"329":0,"330":0,"331":0,"332":0,"333":0,"334":0,"335":0,"336":0,"337":0,"338":0,"339":0,"340":0,"341":0,"342":0,"343":0,"344":8,"345":2,"346":2,"347":6,"348":0,"349":6,"350":0,"351":6,"352":0,"353":6,"354":2,"355":4,"356":2,"357":2,"358":0,"359":2,"360":2,"361":0,"362":0,"363":0,"364":0,"365":0,"366":0,"367":0,"368":0,"369":0,"370":0,"371":0,"372":0,"373":0,"374":0,"375":0,"376":0,"377":0,"378":0,"379":0,"380":0,"381":0,"382":0,"383":0,"384":0,"385":0},"f":{"0":1,"1":1,"2":4,"3":1,"4":1,"5":1,"6":0,"7":0,"8":1,"9":0,"10":0,"11":0,"12":0,"13":0,"14":0,"15":0,"16":0,"17":0,"18":0,"19":0,"20":0,"21":0,"22":0,"23":0,"24":0,"25":0,"26":0,"27":0,"28":0,"29":0,"30":0,"31":0,"32":8},"b":{"0":[1,0],"1":[4,0],"2":[1,0,1,0,1,0,0,1,0,0,0,0,0,0,0,0,0,0,0],"3":[1,0],"4":[0,1],"5":[0,1],"6":[0,1],"7":[1,1],"8":[0,1],"9":[0,0],"10":[0,0],"11":[1,0],"12":[1,0],"13":[0,1],"14":[0,1],"15":[0,0],"16":[0,0],"17":[1,0],"18":[0,0],"19":[0,0],"20":[0,0],"21":[0,0],"22":[0,0],"23":[0,0],"24":[0,0],"25":[0,0],"26":[0,0],"27":[0,0],"28":[0,0],"29":[0,0],"30":[0,0],"31":[0,0],"32":[0,0],"33":[0,0],"34":[0,0],"35":[0,0,0,0],"36":[0,0],"37":[0,0,0,0,0,0,0,0,0,0,0,0,0,0,0,0,0,0,0,0,0,0],"38":[2,6],"39":[8,8,6],"40":[0,6],"41":[0,6],"42":[6,0],"43":[0,6],"44":[6,6,6],"45":[2,4],"46":[2,2],"47":[4,2],"48":[0,2],"49":[2,2,0,0],"50":[2,0],"51":[2,2,2,0],"52":[0,0],"53":[0,0,0],"54":[0,0],"55":[0,0,0,0],"56":[0,0],"57":[0,0,0],"58":[0,0],"59":[0,0,0],"60":[0,0],"61":[0,0],"62":[0,0,0,0,0,0],"63":[0,0],"64":[0,0],"65":[0,0],"66":[0,0,0],"67":[0,0],"68":[0,0,0,0,0],"69":[0,0],"70":[0,0,0],"71":[0,0],"72":[0,0,0,0],"73":[0,0],"74":[0,0,0]},"_coverageSchema":"1a1c01bbd47fc00a2c39e90264f33305004495a9","hash":"7ebcfe7e904e857df6a44733ac1a861c52e8da76"}
}
