TN:
SF:teamsBot.ts
FN:35,(anonymous_0)
FN:40,(anonymous_1)
FN:54,(anonymous_2)
FN:220,(anonymous_3)
FN:235,(anonymous_4)
FN:240,(anonymous_5)
FN:256,(anonymous_6)
FN:281,(anonymous_7)
FN:303,(anonymous_8)
FN:323,(anonymous_9)
FN:338,(anonymous_10)
FN:366,(anonymous_11)
FN:437,(anonymous_12)
FN:530,(anonymous_13)
FN:540,(anonymous_14)
FN:572,(anonymous_15)
FN:611,(anonymous_16)
FN:622,(anonymous_17)
FN:654,(anonymous_18)
FN:686,(anonymous_19)
FN:706,(anonymous_20)
FN:726,(anonymous_21)
FN:758,(anonymous_22)
FN:846,(anonymous_23)
FN:878,(anonymous_24)
FN:906,(anonymous_25)
FN:962,(anonymous_26)
FN:1008,(anonymous_27)
FN:1064,(anonymous_28)
FN:1084,(anonymous_29)
FN:1085,(anonymous_30)
FN:1119,(anonymous_31)
FN:1217,parseText
FNF:33
FNH:7
FNDA:1,(anonymous_0)
FNDA:1,(anonymous_1)
FNDA:2,(anonymous_2)
FNDA:1,(anonymous_3)
FNDA:0,(anonymous_4)
FNDA:1,(anonymous_5)
FNDA:0,(anonymous_6)
FNDA:0,(anonymous_7)
FNDA:1,(anonymous_8)
FNDA:0,(anonymous_9)
FNDA:0,(anonymous_10)
FNDA:0,(anonymous_11)
FNDA:0,(anonymous_12)
FNDA:0,(anonymous_13)
FNDA:0,(anonymous_14)
FNDA:0,(anonymous_15)
FNDA:0,(anonymous_16)
FNDA:0,(anonymous_17)
FNDA:0,(anonymous_18)
FNDA:0,(anonymous_19)
FNDA:0,(anonymous_20)
FNDA:0,(anonymous_21)
FNDA:0,(anonymous_22)
FNDA:0,(anonymous_23)
FNDA:0,(anonymous_24)
FNDA:0,(anonymous_25)
FNDA:0,(anonymous_26)
FNDA:0,(anonymous_27)
FNDA:0,(anonymous_28)
FNDA:0,(anonymous_29)
FNDA:0,(anonymous_30)
FNDA:0,(anonymous_31)
FNDA:4,parseText
DA:23,1
DA:24,1
DA:26,1
DA:27,1
DA:28,1
DA:30,1
DA:31,1
DA:32,1
DA:33,1
DA:36,1
DA:40,1
DA:41,1
DA:42,1
DA:43,1
DA:44,1
DA:45,1
DA:46,1
DA:47,1
DA:51,1
DA:54,1
DA:55,2
DA:57,2
DA:58,2
DA:60,2
DA:61,2
DA:64,2
DA:82,2
DA:83,2
DA:84,2
DA:86,1
DA:87,1
DA:88,1
DA:89,1
DA:90,1
DA:91,1
DA:92,1
DA:93,1
DA:94,1
DA:99,0
DA:100,0
DA:104,0
DA:105,0
DA:110,0
DA:111,0
DA:112,0
DA:117,1
DA:118,0
DA:119,0
DA:121,1
DA:122,1
DA:123,1
DA:129,0
DA:130,0
DA:139,0
DA:140,0
DA:144,0
DA:145,0
DA:146,0
DA:148,0
DA:149,0
DA:154,0
DA:155,0
DA:160,0
DA:161,0
DA:162,0
DA:164,0
DA:165,0
DA:170,0
DA:171,0
DA:175,0
DA:176,0
DA:180,0
DA:181,0
DA:185,0
DA:186,0
DA:190,0
DA:191,0
DA:194,0
DA:195,0
DA:199,0
DA:200,0
DA:204,0
DA:205,0
DA:206,0
DA:210,0
DA:211,0
DA:216,2
DA:220,1
DA:221,1
DA:222,1
DA:223,1
DA:224,1
DA:226,1
DA:227,1
DA:228,1
DA:231,1
DA:236,0
DA:237,0
DA:238,0
DA:241,1
DA:242,1
DA:243,1
DA:244,1
DA:251,1
DA:257,0
DA:258,0
DA:259,0
DA:260,0
DA:261,0
DA:262,0
DA:264,0
DA:265,0
DA:266,0
DA:271,0
DA:272,0
DA:274,0
DA:275,0
DA:276,0
DA:277,0
DA:278,0
DA:282,0
DA:283,0
DA:284,0
DA:285,0
DA:287,0
DA:288,0
DA:289,0
DA:293,0
DA:294,0
DA:296,0
DA:297,0
DA:304,1
DA:305,1
DA:306,1
DA:307,1
DA:317,1
DA:318,1
DA:319,1
DA:320,1
DA:321,1
DA:323,1
DA:324,0
DA:325,0
DA:328,1
DA:332,0
DA:333,0
DA:334,0
DA:339,0
DA:340,0
DA:341,0
DA:344,0
DA:345,0
DA:346,0
DA:351,0
DA:352,0
DA:354,0
DA:356,0
DA:358,0
DA:361,0
DA:362,0
DA:367,0
DA:368,0
DA:369,0
DA:372,0
DA:373,0
DA:434,0
DA:438,0
DA:439,0
DA:440,0
DA:442,0
DA:443,0
DA:444,0
DA:449,0
DA:450,0
DA:452,0
DA:453,0
DA:516,0
DA:520,0
DA:523,0
DA:524,0
DA:531,0
DA:532,0
DA:533,0
DA:534,0
DA:536,0
DA:541,0
DA:542,0
DA:569,0
DA:573,0
DA:574,0
DA:608,0
DA:612,0
DA:613,0
DA:614,0
DA:615,0
DA:616,0
DA:618,0
DA:623,0
DA:624,0
DA:651,0
DA:655,0
DA:656,0
DA:683,0
DA:687,0
DA:688,0
DA:689,0
DA:693,0
DA:694,0
DA:695,0
DA:696,0
DA:698,0
DA:701,0
DA:702,0
DA:707,0
DA:708,0
DA:709,0
DA:713,0
DA:714,0
DA:715,0
DA:716,0
DA:718,0
DA:721,0
DA:722,0
DA:727,0
DA:728,0
DA:755,0
DA:759,0
DA:760,0
DA:761,0
DA:764,0
DA:765,0
DA:766,0
DA:771,0
DA:772,0
DA:773,0
DA:834,0
DA:838,0
DA:841,0
DA:842,0
DA:847,0
DA:848,0
DA:875,0
DA:879,0
DA:880,0
DA:881,0
DA:884,0
DA:885,0
DA:886,0
DA:891,0
DA:892,0
DA:894,0
DA:896,0
DA:898,0
DA:901,0
DA:902,0
DA:907,0
DA:908,0
DA:909,0
DA:912,0
DA:913,0
DA:959,0
DA:963,0
DA:964,0
DA:1001,0
DA:1002,0
DA:1004,0
DA:1009,0
DA:1010,0
DA:1061,0
DA:1065,0
DA:1066,0
DA:1067,0
DA:1069,0
DA:1070,0
DA:1071,0
DA:1076,0
DA:1077,0
DA:1079,0
DA:1080,0
DA:1085,0
DA:1086,0
DA:1100,0
DA:1115,0
DA:1120,0
DA:1122,0
DA:1125,0
DA:1127,0
DA:1129,0
DA:1130,0
DA:1132,0
DA:1133,0
DA:1134,0
DA:1136,0
DA:1137,0
DA:1138,0
DA:1140,0
DA:1141,0
DA:1142,0
DA:1144,0
DA:1145,0
DA:1146,0
DA:1148,0
DA:1149,0
DA:1150,0
DA:1152,0
DA:1153,0
DA:1155,0
DA:1156,0
DA:1158,0
DA:1159,0
DA:1161,0
DA:1162,0
DA:1163,0
DA:1165,0
DA:1166,0
DA:1167,0
DA:1169,0
DA:1170,0
DA:1171,0
DA:1173,0
DA:1174,0
DA:1175,0
DA:1177,0
DA:1178,0
DA:1180,0
DA:1181,0
DA:1183,0
DA:1184,0
DA:1186,0
DA:1187,0
DA:1189,0
DA:1190,0
DA:1192,0
DA:1193,0
DA:1194,0
DA:1196,0
DA:1197,0
DA:1199,0
DA:1200,0
DA:1202,0
DA:1203,0
DA:1207,0
DA:1218,4
DA:1219,2
DA:1220,2
DA:1221,2
DA:1222,0
DA:1223,2
DA:1224,0
DA:1225,2
DA:1226,0
DA:1227,2
DA:1228,0
DA:1229,2
DA:1230,2
DA:1231,0
DA:1232,0
DA:1233,0
DA:1234,0
DA:1235,0
DA:1236,0
DA:1237,0
DA:1238,0
DA:1239,0
DA:1240,0
DA:1241,0
DA:1242,0
DA:1243,0
DA:1244,0
DA:1245,0
DA:1246,0
DA:1247,0
DA:1248,0
DA:1249,0
DA:1250,0
DA:1251,0
DA:1252,0
DA:1253,0
DA:1254,0
DA:1255,0
DA:1256,0
DA:1257,0
DA:1258,0
DA:1260,0
LF:384
LH:77
BRDA:44,0,0,1
BRDA:44,0,1,0
BRDA:60,1,0,2
BRDA:60,1,1,0
BRDA:84,2,0,1
BRDA:84,2,1,0
BRDA:84,2,2,0
BRDA:84,2,3,0
BRDA:84,2,4,1
BRDA:84,2,5,0
BRDA:84,2,6,0
BRDA:84,2,7,0
BRDA:84,2,8,0
BRDA:84,2,9,0
BRDA:84,2,10,0
BRDA:84,2,11,0
BRDA:84,2,12,0
BRDA:84,2,13,0
BRDA:84,2,14,0
BRDA:84,2,15,0
BRDA:84,2,16,0
BRDA:84,2,17,0
BRDA:84,2,18,0
BRDA:87,3,0,1
BRDA:87,3,1,0
BRDA:89,4,0,0
BRDA:89,4,1,1
BRDA:89,5,0,0
BRDA:89,5,1,1
BRDA:117,6,0,0
BRDA:117,6,1,1
BRDA:117,7,0,1
BRDA:117,7,1,1
BRDA:144,8,0,0
BRDA:144,8,1,0
BRDA:160,9,0,0
BRDA:160,9,1,0
BRDA:160,10,0,0
BRDA:160,10,1,0
BRDA:223,11,0,1
BRDA:223,11,1,0
BRDA:241,12,0,1
BRDA:241,12,1,0
BRDA:243,13,0,0
BRDA:243,13,1,1
BRDA:243,14,0,0
BRDA:243,14,1,1
BRDA:257,15,0,0
BRDA:257,15,1,0
BRDA:283,16,0,0
BRDA:283,16,1,0
BRDA:320,17,0,1
BRDA:320,17,1,0
BRDA:339,18,0,0
BRDA:339,18,1,0
BRDA:354,19,0,0
BRDA:354,19,1,0
BRDA:367,20,0,0
BRDA:367,20,1,0
BRDA:438,21,0,0
BRDA:438,21,1,0
BRDA:450,22,0,0
BRDA:450,22,1,0
BRDA:532,23,0,0
BRDA:532,23,1,0
BRDA:613,24,0,0
BRDA:613,24,1,0
BRDA:613,25,0,0
BRDA:613,25,1,0
BRDA:694,26,0,0
BRDA:694,26,1,0
BRDA:714,27,0,0
BRDA:714,27,1,0
BRDA:759,28,0,0
BRDA:759,28,1,0
BRDA:772,29,0,0
BRDA:772,29,1,0
BRDA:879,30,0,0
BRDA:879,30,1,0
BRDA:894,31,0,0
BRDA:894,31,1,0
BRDA:907,32,0,0
BRDA:907,32,1,0
BRDA:963,33,0,0
BRDA:963,33,1,0
BRDA:1001,34,0,0
BRDA:1001,34,1,0
BRDA:1001,35,0,0
BRDA:1001,35,1,0
BRDA:1001,35,2,0
BRDA:1001,35,3,0
BRDA:1065,36,0,0
BRDA:1065,36,1,0
BRDA:1125,37,0,0
BRDA:1125,37,1,0
BRDA:1125,37,2,0
BRDA:1125,37,3,0
BRDA:1125,37,4,0
BRDA:1125,37,5,0
BRDA:1125,37,6,0
BRDA:1125,37,7,0
BRDA:1125,37,8,0
BRDA:1125,37,9,0
BRDA:1125,37,10,0
BRDA:1125,37,11,0
BRDA:1125,37,12,0
BRDA:1125,37,13,0
BRDA:1125,37,14,0
BRDA:1125,37,15,0
BRDA:1125,37,16,0
BRDA:1125,37,17,0
BRDA:1125,37,18,0
BRDA:1125,37,19,0
BRDA:1125,37,20,0
BRDA:1125,37,21,0
BRDA:1218,38,0,2
BRDA:1218,38,1,2
BRDA:1218,39,0,4
BRDA:1218,39,1,4
BRDA:1218,39,2,2
BRDA:1221,40,0,0
BRDA:1221,40,1,2
BRDA:1223,41,0,0
BRDA:1223,41,1,2
BRDA:1223,42,0,2
BRDA:1223,42,1,0
BRDA:1225,43,0,0
BRDA:1225,43,1,2
BRDA:1225,44,0,2
BRDA:1225,44,1,2
BRDA:1225,44,2,2
BRDA:1227,45,0,0
BRDA:1227,45,1,2
BRDA:1229,46,0,2
BRDA:1229,46,1,0
BRDA:1229,47,0,2
BRDA:1229,47,1,0
BRDA:1231,48,0,0
BRDA:1231,48,1,0
BRDA:1231,49,0,0
BRDA:1231,49,1,0
BRDA:1231,49,2,0
BRDA:1231,49,3,0
BRDA:1233,50,0,0
BRDA:1233,50,1,0
BRDA:1233,51,0,0
BRDA:1233,51,1,0
BRDA:1233,51,2,0
BRDA:1233,51,3,0
BRDA:1235,52,0,0
BRDA:1235,52,1,0
BRDA:1235,53,0,0
BRDA:1235,53,1,0
BRDA:1235,53,2,0
BRDA:1237,54,0,0
BRDA:1237,54,1,0
BRDA:1237,55,0,0
BRDA:1237,55,1,0
BRDA:1237,55,2,0
BRDA:1237,55,3,0
BRDA:1239,56,0,0
BRDA:1239,56,1,0
BRDA:1239,57,0,0
BRDA:1239,57,1,0
BRDA:1239,57,2,0
BRDA:1241,58,0,0
BRDA:1241,58,1,0
BRDA:1241,59,0,0
BRDA:1241,59,1,0
BRDA:1241,59,2,0
BRDA:1243,60,0,0
BRDA:1243,60,1,0
BRDA:1245,61,0,0
BRDA:1245,61,1,0
BRDA:1245,62,0,0
BRDA:1245,62,1,0
BRDA:1245,62,2,0
BRDA:1245,62,3,0
BRDA:1245,62,4,0
BRDA:1245,62,5,0
BRDA:1247,63,0,0
BRDA:1247,63,1,0
BRDA:1247,64,0,0
BRDA:1247,64,1,0
BRDA:1249,65,0,0
BRDA:1249,65,1,0
BRDA:1249,66,0,0
BRDA:1249,66,1,0
BRDA:1249,66,2,0
BRDA:1251,67,0,0
BRDA:1251,67,1,0
BRDA:1251,68,0,0
BRDA:1251,68,1,0
BRDA:1251,68,2,0
BRDA:1251,68,3,0
BRDA:1251,68,4,0
BRDA:1253,69,0,0
BRDA:1253,69,1,0
BRDA:1253,70,0,0
BRDA:1253,70,1,0
BRDA:1253,70,2,0
BRDA:1255,71,0,0
BRDA:1255,71,1,0
BRDA:1255,72,0,0
BRDA:1255,72,1,0
BRDA:1255,72,2,0
BRDA:1255,72,3,0
BRDA:1257,73,0,0
BRDA:1257,73,1,0
BRDA:1257,74,0,0
BRDA:1257,74,1,0
BRDA:1257,74,2,0
BRF:212
BRH:30
end_of_record
